<?xml version="1.0" encoding="UTF-8"?>
<!-- Generated by org.testng.reporters.JUnitReportReporter -->
<testsuite hostname="DESKTOP-NN3JSQB" failures="0" tests="1" name="RestAssured1.Tests_GET" time="5.551" errors="0" timestamp="2022-07-09T22:08:58 PDT" skipped="0">
  <testcase classname="RestAssured1.Tests_GET" name="Test_1" time="5.551"/>
  <system-out/>
</testsuite> <!-- RestAssured1.Tests_GET -->
