<?xml version="1.0" encoding="UTF-8"?>
<!-- Generated by org.testng.reporters.JUnitReportReporter -->
<testsuite hostname="DESKTOP-NN3JSQB" failures="0" tests="2" name="RestAssured1.TestRA_1" time="4.393" errors="0" timestamp="2022-07-09T23:57:06 PDT" skipped="0">
  <testcase classname="RestAssured1.TestRA_1" name="test_02" time="0.334"/>
  <system-out/>
  <testcase classname="RestAssured1.TestRA_1" name="Test_01" time="4.059"/>
  <system-out/>
</testsuite> <!-- RestAssured1.TestRA_1 -->
