<?xml version="1.0" encoding="UTF-8"?>
<!-- Generated by org.testng.reporters.JUnitReportReporter -->
<testsuite hostname="DESKTOP-NN3JSQB" failures="0" tests="1" name="RestAssured1.Tests_POST$Tests_PUT" time="6.576" errors="0" timestamp="2022-07-09T23:11:45 PDT" skipped="0">
  <testcase classname="RestAssured1.Tests_POST$Tests_PUT" name="Test_01_Post" time="6.576"/>
  <system-out/>
</testsuite> <!-- RestAssured1.Tests_POST$Tests_PUT -->
